<?xml version="1.0" encoding="UTF-8"?>
<testsuite xmlns:xsi="http://www.w3.org/2001/XMLSchema-instance" xsi:noNamespaceSchemaLocation="https://maven.apache.org/surefire/maven-surefire-plugin/xsd/surefire-test-report-3.0.xsd" version="3.0" name="pruebas.IntegracionTest" time="1.191" tests="1" errors="0" skipped="0" failures="0">
  <properties>
[...]
</properties>
  <testcase name="greetTest" classname="pruebas.IntegracionTest" time="0.118">
    <system-out><![CDATA[2025-03-22 12:58:05.071  INFO 2080 --- [           main] .b.t.c.SpringBootTestContextBootstrapper : Neither @ContextConfiguration nor @ContextHierarchy found for test class [pruebas.IntegracionTest], using SpringBootContextLoader
2025-03-22 12:58:05.072  INFO 2080 --- [           main] o.s.t.c.support.AbstractContextLoader    : Could not detect default resource locations for test class [pruebas.IntegracionTest]: no resource found for suffixes {-context.xml, Context.groovy}.
2025-03-22 12:58:05.072  INFO 2080 --- [           main] t.c.s.AnnotationConfigContextLoaderUtils : Could not detect default configuration classes for test class [pruebas.IntegracionTest]: IntegracionTest does not declare any static, non-private, non-final, nested classes annotated with @Configuration.
2025-03-22 12:58:05.084  INFO 2080 --- [           main] .b.t.c.SpringBootTestContextBootstrapper : Found @SpringBootConfiguration pruebas.App for test class pruebas.IntegracionTest
2025-03-22 12:58:05.087  INFO 2080 --- [           main] .b.t.c.SpringBootTestContextBootstrapper : Loaded default TestExecutionListener class names from location [META-INF/spring.factories]: [org.springframework.boot.test.mock.mockito.MockitoTestExecutionListener, org.springframework.boot.test.mock.mockito.ResetMocksTestExecutionListener, org.springframework.boot.test.autoconfigure.restdocs.RestDocsTestExecutionListener, org.springframework.boot.test.autoconfigure.web.client.MockRestServiceServerResetTestExecutionListener, org.springframework.boot.test.autoconfigure.web.servlet.MockMvcPrintOnlyOnFailureTestExecutionListener, org.springframework.boot.test.autoconfigure.web.servlet.WebDriverTestExecutionListener, org.springframework.boot.test.autoconfigure.webservices.client.MockWebServiceServerTestExecutionListener, org.springframework.test.context.web.ServletTestExecutionListener, org.springframework.test.context.support.DirtiesContextBeforeModesTestExecutionListener, org.springframework.test.context.event.ApplicationEventsTestExecutionListener, org.springframework.test.context.support.DependencyInjectionTestExecutionListener, org.springframework.test.context.support.DirtiesContextTestExecutionListener, org.springframework.test.context.transaction.TransactionalTestExecutionListener, org.springframework.test.context.jdbc.SqlScriptsTestExecutionListener, org.springframework.test.context.event.EventPublishingTestExecutionListener]
2025-03-22 12:58:05.089  INFO 2080 --- [           main] .b.t.c.SpringBootTestContextBootstrapper : Using TestExecutionListeners: [org.springframework.test.context.web.ServletTestExecutionListener@22dc59b2, org.springframework.test.context.support.DirtiesContextBeforeModesTestExecutionListener@33e434c8, org.springframework.test.context.event.ApplicationEventsTestExecutionListener@546394ed, org.springframework.boot.test.mock.mockito.MockitoTestExecutionListener@664212ab, org.springframework.boot.test.autoconfigure.SpringBootDependencyInjectionTestExecutionListener@2693c618, org.springframework.test.context.support.DirtiesContextTestExecutionListener@3443e476, org.springframework.test.context.event.EventPublishingTestExecutionListener@7ccfdaef, org.springframework.boot.test.mock.mockito.ResetMocksTestExecutionListener@a6e4897, org.springframework.boot.test.autoconfigure.restdocs.RestDocsTestExecutionListener@32f5ecc4, org.springframework.boot.test.autoconfigure.web.client.MockRestServiceServerResetTestExecutionListener@19bedeb8, org.springframework.boot.test.autoconfigure.web.servlet.MockMvcPrintOnlyOnFailureTestExecutionListener@1ba467c2, org.springframework.boot.test.autoconfigure.web.servlet.WebDriverTestExecutionListener@63f6bed1, org.springframework.boot.test.autoconfigure.webservices.client.MockWebServiceServerTestExecutionListener@7ef8eda7]

  .   ____          _            __ _ _
 /\\ / ___'_ __ _ _(_)_ __  __ _ \ \ \ \
( ( )\___ | '_ | '_| | '_ \/ _` | \ \ \ \
 \\/  ___)| |_)| | | | | || (_| |  ) ) ) )
  '  |____| .__|_| |_|_| |_\__, | / / / /
 =========|_|==============|___/=/_/_/_/
 :: Spring Boot ::                (v2.7.9)

2025-03-22 12:58:05.178  INFO 2080 --- [           main] pruebas.IntegracionTest                  : Starting IntegracionTest using Java 21.0.6 on DESKTOP-AOGTF6B with PID 2080 (started by Norbey in C:\Users\Norbey\Desktop\java)
2025-03-22 12:58:05.179  INFO 2080 --- [           main] pruebas.IntegracionTest                  : No active profile set, falling back to 1 default profile: "default"
2025-03-22 12:58:06.119  INFO 2080 --- [           main] o.s.b.t.m.w.SpringBootMockServletContext : Initializing Spring TestDispatcherServlet ''
2025-03-22 12:58:06.119  INFO 2080 --- [           main] o.s.t.web.servlet.TestDispatcherServlet  : Initializing Servlet ''
2025-03-22 12:58:06.121  INFO 2080 --- [           main] o.s.t.web.servlet.TestDispatcherServlet  : Completed initialization in 2 ms
2025-03-22 12:58:06.134  INFO 2080 --- [           main] pruebas.IntegracionTest                  : Started IntegracionTest in 1.04 seconds (JVM running for 4.723)
]]></system-out>
  </testcase>
</testsuite>